<?xml version="1.0" encoding="UTF-8"?>
<testng-results total="1" passed="1" failed="0" skipped="0">
  <reporter-output>
  </reporter-output>
  <suite started-at="2022-12-03T22:25:32Z" name="Default suite" finished-at="2022-12-03T22:25:50Z" duration-ms="17594">
    <groups>
    </groups>
    <test started-at="2022-12-03T22:25:32Z" name="Default test" finished-at="2022-12-03T22:25:50Z" duration-ms="17594">
      <class name="add_course_test.Test_Add_Course">
        <test-method is-config="true" signature="setUp()[pri:0, instance:add_course_test.Test_Add_Course@7ca20101]" started-at="2022-12-04T00:25:32Z" name="setUp" finished-at="2022-12-04T00:25:37Z" duration-ms="4228" status="PASS">
          <reporter-output>
          </reporter-output>
        </test-method> <!-- setUp -->
        <test-method signature="test()[pri:0, instance:add_course_test.Test_Add_Course@7ca20101]" started-at="2022-12-04T00:25:37Z" name="test" finished-at="2022-12-04T00:25:50Z" duration-ms="13358" status="PASS">
          <reporter-output>
          </reporter-output>
        </test-method> <!-- test -->
      </class> <!-- add_course_test.Test_Add_Course -->
    </test> <!-- Default test -->
  </suite> <!-- Default suite -->
</testng-results>
